Using pre-set license
Built from '2021.1/release' branch; Version is '2021.1.10f1 (b15f561b2cef) revision 11624278'; Using compiler version '192528614'; Build Type 'Release'
OS: 'Windows 10 Pro Education; OS build 19043.1165; Version 2009; 64bit' Language: 'en' Physical Memory: 16318 MB
BatchMode: 1, IsHumanControllingUs: 0, StartBugReporterOnCrash: 0, Is64bit: 1, IsPro: 0

 COMMAND LINE ARGUMENTS:
C:\Folders\GameStuff\unityProjects\2021.1.10f1\Editor\Unity.exe
-adb2
-batchMode
-noUpm
-name
AssetImportWorker1
-projectPath
C:/GitNHub/Seggs/Seggs
-logFile
Logs/AssetImportWorker1.log
-srvPort
60486
Successfully changed project path to: C:/GitNHub/Seggs/Seggs
C:/GitNHub/Seggs/Seggs
Using Asset Import Pipeline V2.
Refreshing native plugins compatible for Editor in 89.40 ms, found 3 plugins.
Preloading 0 native plugins for Editor in 0.00 ms.
Initialize engine version: 2021.1.10f1 (b15f561b2cef)
[Subsystems] Discovering subsystems at path C:/Folders/GameStuff/unityProjects/2021.1.10f1/Editor/Data/Resources/UnitySubsystems
[Subsystems] Discovering subsystems at path C:/GitNHub/Seggs/Seggs/Assets
GfxDevice: creating device client; threaded=0; jobified=0
Direct3D:
    Version:  Direct3D 11.0 [level 11.1]
    Renderer: NVIDIA GeForce GTX 1080 (ID=0x1b80)
    Vendor:   NVIDIA
    VRAM:     8079 MB
    Driver:   30.0.14.7168
Shader 'Universal Render Pipeline/Particles/Lit': fallback shader 'Universal Render Pipeline/Particles/SimpleLit' not found
Initialize mono
Mono path[0] = 'C:/Folders/GameStuff/unityProjects/2021.1.10f1/Editor/Data/Managed'
Mono path[1] = 'C:/Folders/GameStuff/unityProjects/2021.1.10f1/Editor/Data/MonoBleedingEdge/lib/mono/unityjit'
Mono config path = 'C:/Folders/GameStuff/unityProjects/2021.1.10f1/Editor/Data/MonoBleedingEdge/etc'
Using monoOptions --debugger-agent=transport=dt_socket,embedding=1,server=y,suspend=n,address=127.0.0.1:56204
Begin MonoManager ReloadAssembly
Registering precompiled unity dll's ...
Register platform support module: C:/Folders/GameStuff/unityProjects/2021.1.10f1/Editor/Data/PlaybackEngines/WebGLSupport/UnityEditor.WebGL.Extensions.dll
Register platform support module: C:/Folders/GameStuff/unityProjects/2021.1.10f1/Editor/Data/PlaybackEngines/MacStandaloneSupport/UnityEditor.OSXStandalone.Extensions.dll
Register platform support module: C:/Folders/GameStuff/unityProjects/2021.1.10f1/Editor/Data/PlaybackEngines/WindowsStandaloneSupport/UnityEditor.WindowsStandalone.Extensions.dll
Register platform support module: C:/Folders/GameStuff/unityProjects/2021.1.10f1/Editor/Data/PlaybackEngines/LinuxStandaloneSupport/UnityEditor.LinuxStandalone.Extensions.dll
Registered in 0.002422 seconds.
Native extension for LinuxStandalone target not found
Native extension for WindowsStandalone target not found
Native extension for OSXStandalone target not found
Native extension for WebGL target not found
Refreshing native plugins compatible for Editor in 111.21 ms, found 3 plugins.
Preloading 0 native plugins for Editor in 0.00 ms.
Mono: successfully reloaded assembly
- Completed reload, in  3.114 seconds
Domain Reload Profiling:
	ReloadAssembly (3114ms)
		BeginReloadAssembly (44ms)
			ExecutionOrderSort (0ms)
			DisableScriptedObjects (0ms)
			BackupInstance (0ms)
			ReleaseScriptingObjects (0ms)
			CreateAndSetChildDomain (1ms)
		EndReloadAssembly (459ms)
			LoadAssemblies (43ms)
			RebuildTransferFunctionScriptingTraits (0ms)
			SetupTypeCache (150ms)
			ReleaseScriptCaches (0ms)
			RebuildScriptCaches (27ms)
			SetupLoadedEditorAssemblies (241ms)
				LogAssemblyErrors (0ms)
				InitializePlatformSupportModulesInManaged (8ms)
				SetLoadedEditorAssemblies (0ms)
				RefreshPlugins (111ms)
				BeforeProcessingInitializeOnLoad (1ms)
				ProcessInitializeOnLoadAttributes (88ms)
				ProcessInitializeOnLoadMethodAttributes (31ms)
				AfterProcessingInitializeOnLoad (0ms)
				EditorAssembliesLoaded (0ms)
			ExecutionOrderSort2 (0ms)
			AwakeInstancesAfterBackupRestoration (0ms)
Platform modules already initialized, skipping
Registering precompiled user dll's ...
Registered in 0.005569 seconds.
Begin MonoManager ReloadAssembly
Native extension for LinuxStandalone target not found
Native extension for WindowsStandalone target not found
Native extension for OSXStandalone target not found
Native extension for WebGL target not found
Refreshing native plugins compatible for Editor in 92.29 ms, found 3 plugins.
Preloading 0 native plugins for Editor in 0.00 ms.
Mono: successfully reloaded assembly
- Completed reload, in  1.189 seconds
Domain Reload Profiling:
	ReloadAssembly (1189ms)
		BeginReloadAssembly (121ms)
			ExecutionOrderSort (0ms)
			DisableScriptedObjects (4ms)
			BackupInstance (0ms)
			ReleaseScriptingObjects (0ms)
			CreateAndSetChildDomain (16ms)
		EndReloadAssembly (1015ms)
			LoadAssemblies (75ms)
			RebuildTransferFunctionScriptingTraits (0ms)
			SetupTypeCache (332ms)
			ReleaseScriptCaches (1ms)
			RebuildScriptCaches (60ms)
			SetupLoadedEditorAssemblies (456ms)
				LogAssemblyErrors (0ms)
				InitializePlatformSupportModulesInManaged (6ms)
				SetLoadedEditorAssemblies (0ms)
				RefreshPlugins (92ms)
				BeforeProcessingInitializeOnLoad (102ms)
				ProcessInitializeOnLoadAttributes (247ms)
				ProcessInitializeOnLoadMethodAttributes (4ms)
				AfterProcessingInitializeOnLoad (5ms)
				EditorAssembliesLoaded (0ms)
			ExecutionOrderSort2 (0ms)
			AwakeInstancesAfterBackupRestoration (6ms)
Platform modules already initialized, skipping
========================================================================
Worker process is ready to serve import requests
Shader 'Universal Render Pipeline/Particles/Lit': fallback shader 'Universal Render Pipeline/Particles/SimpleLit' not found
Launched and connected shader compiler UnityShaderCompiler.exe after 0.03 seconds
Refreshing native plugins compatible for Editor in 0.83 ms, found 3 plugins.
Preloading 0 native plugins for Editor in 0.00 ms.
Unloading 4662 Unused Serialized files (Serialized files now loaded: 0)
System memory in use before: 176.4 MB.
System memory in use after: 176.6 MB.

Unloading 27 unused Assets to reduce memory usage. Loaded Objects now: 5106.
Total: 2.776600 ms (FindLiveObjects: 0.335600 ms CreateObjectMapping: 0.226700 ms MarkObjects: 2.138300 ms  DeleteObjects: 0.075000 ms)

AssetImportParameters requested are different than current active one (requested -> active):
  custom:framework-win-MediaFoundation: 216162199b28c13a410421893ffa2e32 -> 
  custom:video-decoder-ogg-theora: a1e56fd34408186e4bbccfd4996cb3dc -> 
  custom:container-muxer-webm: aa71ff27fc2769a1b78a27578f13a17b -> 
  custom:container-demuxer-webm: 4f35f7cbe854078d1ac9338744f61a02 -> 
  custom:container-demuxer-ogg: 62fdf1f143b41e24485cea50d1cbac27 -> 
  custom:video-encoder-webm-vp8: eb34c28f22e8b96e1ab97ce403110664 -> 
  custom:video-codec-MediaFoundation-h265: 746d11721c4dcdbdad8f713fa42b33f4 -> 
  custom:video-decoder-webm-vp8: 9c59270c3fd7afecdb556c50c9e8de78 -> 
  custom:audio-decoder-ogg-vorbis: bf7c407c2cedff20999df2af8eb42d56 -> 
  custom:audio-encoder-webm-vorbis: bf7c407c2cedff20999df2af8eb42d56 -> 
========================================================================
Received Import Request.
  path: Assets/Folders/Scripts/SpriteUpdater.cs
  artifactKey: Guid(699edb6f52ef7f645aafd6c3a6e9397b) Importer(815301076,1909f56bfc062723c751e8b465ee728b)
Start importing Assets/Folders/Scripts/SpriteUpdater.cs using Guid(699edb6f52ef7f645aafd6c3a6e9397b) Importer(815301076,1909f56bfc062723c751e8b465ee728b)  -> (artifact id: '719dde9b8ad3ce7ba4c05926b120b6d1') in 0.095743 seconds 
========================================================================
Received Import Request.
  Time since last request: 11.200072 seconds.
  path: Assets/Folders/Scripts/SpriteUpdater.cs
  artifactKey: Guid(699edb6f52ef7f645aafd6c3a6e9397b) Importer(815301076,1909f56bfc062723c751e8b465ee728b)
Start importing Assets/Folders/Scripts/SpriteUpdater.cs using Guid(699edb6f52ef7f645aafd6c3a6e9397b) Importer(815301076,1909f56bfc062723c751e8b465ee728b)  -> (artifact id: 'f90600777ad2f951a9de755284f2caae') in 0.002132 seconds 
========================================================================
Received Import Request.
  Time since last request: 4.796127 seconds.
  path: Assets/Folders/Scripts/SpriteUpdater.cs
  artifactKey: Guid(699edb6f52ef7f645aafd6c3a6e9397b) Importer(815301076,1909f56bfc062723c751e8b465ee728b)
Start importing Assets/Folders/Scripts/SpriteUpdater.cs using Guid(699edb6f52ef7f645aafd6c3a6e9397b) Importer(815301076,1909f56bfc062723c751e8b465ee728b)  -> (artifact id: 'fbd5cb30531a40e4ff330fe24a9729f2') in 0.001637 seconds 
========================================================================
Received Import Request.
  Time since last request: 21.140817 seconds.
  path: Assets/Folders/Scripts/SpriteUpdater.cs
  artifactKey: Guid(699edb6f52ef7f645aafd6c3a6e9397b) Importer(815301076,1909f56bfc062723c751e8b465ee728b)
Start importing Assets/Folders/Scripts/SpriteUpdater.cs using Guid(699edb6f52ef7f645aafd6c3a6e9397b) Importer(815301076,1909f56bfc062723c751e8b465ee728b)  -> (artifact id: '4831656d80905a9270b8221d091be080') in 0.001810 seconds 
========================================================================
Received Import Request.
  Time since last request: 13.161312 seconds.
  path: Assets/Folders/Scripts/SpriteUpdater.cs
  artifactKey: Guid(699edb6f52ef7f645aafd6c3a6e9397b) Importer(815301076,1909f56bfc062723c751e8b465ee728b)
Start importing Assets/Folders/Scripts/SpriteUpdater.cs using Guid(699edb6f52ef7f645aafd6c3a6e9397b) Importer(815301076,1909f56bfc062723c751e8b465ee728b)  -> (artifact id: 'a7287058af3e9808a35d041c5c8f061f') in 0.001797 seconds 
========================================================================
Received Import Request.
  Time since last request: 8.479680 seconds.
  path: Assets/Folders/Scripts/SpriteUpdater.cs
  artifactKey: Guid(699edb6f52ef7f645aafd6c3a6e9397b) Importer(815301076,1909f56bfc062723c751e8b465ee728b)
Start importing Assets/Folders/Scripts/SpriteUpdater.cs using Guid(699edb6f52ef7f645aafd6c3a6e9397b) Importer(815301076,1909f56bfc062723c751e8b465ee728b)  -> (artifact id: 'c985d1b83dfce9a5f28460ae8e63320e') in 0.002064 seconds 
========================================================================
Received Import Request.
  Time since last request: 0.920507 seconds.
  path: Assets/Folders/Scripts/SpriteUpdater.cs
  artifactKey: Guid(699edb6f52ef7f645aafd6c3a6e9397b) Importer(815301076,1909f56bfc062723c751e8b465ee728b)
Start importing Assets/Folders/Scripts/SpriteUpdater.cs using Guid(699edb6f52ef7f645aafd6c3a6e9397b) Importer(815301076,1909f56bfc062723c751e8b465ee728b)  -> (artifact id: '5eb23c5137753c91de83fd9f6da4df45') in 0.001817 seconds 
========================================================================
Received Import Request.
  Time since last request: 11.648591 seconds.
  path: Assets/Folders/Scripts/SpriteUpdater.cs
  artifactKey: Guid(699edb6f52ef7f645aafd6c3a6e9397b) Importer(815301076,1909f56bfc062723c751e8b465ee728b)
Start importing Assets/Folders/Scripts/SpriteUpdater.cs using Guid(699edb6f52ef7f645aafd6c3a6e9397b) Importer(815301076,1909f56bfc062723c751e8b465ee728b)  -> (artifact id: 'b9f59abcbd25a27910350acc22ad9703') in 0.001746 seconds 
========================================================================
Received Import Request.
  Time since last request: 15.574718 seconds.
  path: Assets/Folders/Scripts/SpriteUpdater.cs
  artifactKey: Guid(699edb6f52ef7f645aafd6c3a6e9397b) Importer(815301076,1909f56bfc062723c751e8b465ee728b)
Start importing Assets/Folders/Scripts/SpriteUpdater.cs using Guid(699edb6f52ef7f645aafd6c3a6e9397b) Importer(815301076,1909f56bfc062723c751e8b465ee728b)  -> (artifact id: 'be86e4bc5a8e4540495db9e8935eb712') in 0.001698 seconds 
========================================================================
Received Import Request.
  Time since last request: 24.513934 seconds.
  path: Assets/Folders/Scripts/SpriteUpdater.cs
  artifactKey: Guid(699edb6f52ef7f645aafd6c3a6e9397b) Importer(815301076,1909f56bfc062723c751e8b465ee728b)
Start importing Assets/Folders/Scripts/SpriteUpdater.cs using Guid(699edb6f52ef7f645aafd6c3a6e9397b) Importer(815301076,1909f56bfc062723c751e8b465ee728b)  -> (artifact id: '4c45698f72e54a794fcc8bbc1cd53892') in 0.001924 seconds 
========================================================================
Received Import Request.
  Time since last request: 12.909810 seconds.
  path: Assets/Folders/Scripts/SpriteUpdater.cs
  artifactKey: Guid(699edb6f52ef7f645aafd6c3a6e9397b) Importer(815301076,1909f56bfc062723c751e8b465ee728b)
Start importing Assets/Folders/Scripts/SpriteUpdater.cs using Guid(699edb6f52ef7f645aafd6c3a6e9397b) Importer(815301076,1909f56bfc062723c751e8b465ee728b)  -> (artifact id: 'f61d3b3fff9926c8a854e49a9da2c2a0') in 0.002109 seconds 
========================================================================
Received Import Request.
  Time since last request: 14.858946 seconds.
  path: Assets/Folders/Scripts/SpriteUpdater.cs
  artifactKey: Guid(699edb6f52ef7f645aafd6c3a6e9397b) Importer(815301076,1909f56bfc062723c751e8b465ee728b)
Start importing Assets/Folders/Scripts/SpriteUpdater.cs using Guid(699edb6f52ef7f645aafd6c3a6e9397b) Importer(815301076,1909f56bfc062723c751e8b465ee728b)  -> (artifact id: '33232bfc02082d142abd728c6859390a') in 0.001808 seconds 
========================================================================
Received Import Request.
  Time since last request: 8.082485 seconds.
  path: Assets/Folders/Scripts/SpriteUpdater.cs
  artifactKey: Guid(699edb6f52ef7f645aafd6c3a6e9397b) Importer(815301076,1909f56bfc062723c751e8b465ee728b)
Start importing Assets/Folders/Scripts/SpriteUpdater.cs using Guid(699edb6f52ef7f645aafd6c3a6e9397b) Importer(815301076,1909f56bfc062723c751e8b465ee728b)  -> (artifact id: 'b16ffeb510d4f779342e6fa62384d3cd') in 0.002119 seconds 
========================================================================
Received Import Request.
  Time since last request: 2.028936 seconds.
  path: Assets/Folders/Scripts/SpriteUpdater.cs
  artifactKey: Guid(699edb6f52ef7f645aafd6c3a6e9397b) Importer(815301076,1909f56bfc062723c751e8b465ee728b)
Start importing Assets/Folders/Scripts/SpriteUpdater.cs using Guid(699edb6f52ef7f645aafd6c3a6e9397b) Importer(815301076,1909f56bfc062723c751e8b465ee728b)  -> (artifact id: 'b7d6f23d85a5627d6258952e76401ec7') in 0.001867 seconds 
========================================================================
Received Import Request.
  Time since last request: 9.678693 seconds.
  path: Assets/Folders/Scripts/SpriteUpdater.cs
  artifactKey: Guid(699edb6f52ef7f645aafd6c3a6e9397b) Importer(815301076,1909f56bfc062723c751e8b465ee728b)
Start importing Assets/Folders/Scripts/SpriteUpdater.cs using Guid(699edb6f52ef7f645aafd6c3a6e9397b) Importer(815301076,1909f56bfc062723c751e8b465ee728b)  -> (artifact id: '6e6fc5b75fded63df0f890d9396863f9') in 0.001836 seconds 
========================================================================
Received Import Request.
  Time since last request: 1.902511 seconds.
  path: Assets/Folders/Scripts/SpriteUpdater.cs
  artifactKey: Guid(699edb6f52ef7f645aafd6c3a6e9397b) Importer(815301076,1909f56bfc062723c751e8b465ee728b)
Start importing Assets/Folders/Scripts/SpriteUpdater.cs using Guid(699edb6f52ef7f645aafd6c3a6e9397b) Importer(815301076,1909f56bfc062723c751e8b465ee728b)  -> (artifact id: '0f3498477686853623f9e34843c4a614') in 0.002218 seconds 
========================================================================
Received Import Request.
  Time since last request: 6.879033 seconds.
  path: Assets/Folders/Scripts/SpriteUpdater.cs
  artifactKey: Guid(699edb6f52ef7f645aafd6c3a6e9397b) Importer(815301076,1909f56bfc062723c751e8b465ee728b)
Start importing Assets/Folders/Scripts/SpriteUpdater.cs using Guid(699edb6f52ef7f645aafd6c3a6e9397b) Importer(815301076,1909f56bfc062723c751e8b465ee728b)  -> (artifact id: '811e9186357d135f713199506fd27a39') in 0.001763 seconds 
========================================================================
Received Import Request.
  Time since last request: 1.713233 seconds.
  path: Assets/Folders/Scripts/SpriteUpdater.cs
  artifactKey: Guid(699edb6f52ef7f645aafd6c3a6e9397b) Importer(815301076,1909f56bfc062723c751e8b465ee728b)
Start importing Assets/Folders/Scripts/SpriteUpdater.cs using Guid(699edb6f52ef7f645aafd6c3a6e9397b) Importer(815301076,1909f56bfc062723c751e8b465ee728b)  -> (artifact id: '784f33a50c31500105618dc96c0411de') in 0.001853 seconds 
========================================================================
Received Import Request.
  Time since last request: 2.712619 seconds.
  path: Assets/Folders/Scripts/SpriteUpdater.cs
  artifactKey: Guid(699edb6f52ef7f645aafd6c3a6e9397b) Importer(815301076,1909f56bfc062723c751e8b465ee728b)
Start importing Assets/Folders/Scripts/SpriteUpdater.cs using Guid(699edb6f52ef7f645aafd6c3a6e9397b) Importer(815301076,1909f56bfc062723c751e8b465ee728b)  -> (artifact id: 'c6792a556ae0931177b24db5ca756845') in 0.001881 seconds 
========================================================================
Received Import Request.
  Time since last request: 55.948279 seconds.
  path: Assets/Folders/Scripts/SpriteUpdater.cs
  artifactKey: Guid(699edb6f52ef7f645aafd6c3a6e9397b) Importer(815301076,1909f56bfc062723c751e8b465ee728b)
Start importing Assets/Folders/Scripts/SpriteUpdater.cs using Guid(699edb6f52ef7f645aafd6c3a6e9397b) Importer(815301076,1909f56bfc062723c751e8b465ee728b)  -> (artifact id: 'bdd229e5c931ed4fd4fbb4b6097ba45f') in 0.002236 seconds 
========================================================================
Received Import Request.
  Time since last request: 5.783051 seconds.
  path: Assets/Folders/Scripts/SpriteUpdater.cs
  artifactKey: Guid(699edb6f52ef7f645aafd6c3a6e9397b) Importer(815301076,1909f56bfc062723c751e8b465ee728b)
Start importing Assets/Folders/Scripts/SpriteUpdater.cs using Guid(699edb6f52ef7f645aafd6c3a6e9397b) Importer(815301076,1909f56bfc062723c751e8b465ee728b)  -> (artifact id: '8ebbb2237d00528d9bed36afacf85705') in 0.001826 seconds 
========================================================================
Received Import Request.
  Time since last request: 2.710675 seconds.
  path: Assets/Folders/Scripts/SpriteUpdater.cs
  artifactKey: Guid(699edb6f52ef7f645aafd6c3a6e9397b) Importer(815301076,1909f56bfc062723c751e8b465ee728b)
Start importing Assets/Folders/Scripts/SpriteUpdater.cs using Guid(699edb6f52ef7f645aafd6c3a6e9397b) Importer(815301076,1909f56bfc062723c751e8b465ee728b)  -> (artifact id: '4094ccea6ecad4ff0a2c27cae8f9d89a') in 0.001722 seconds 
========================================================================
Received Import Request.
  Time since last request: 18.071239 seconds.
  path: Assets/Folders/Scripts/SpriteUpdater.cs
  artifactKey: Guid(699edb6f52ef7f645aafd6c3a6e9397b) Importer(815301076,1909f56bfc062723c751e8b465ee728b)
Start importing Assets/Folders/Scripts/SpriteUpdater.cs using Guid(699edb6f52ef7f645aafd6c3a6e9397b) Importer(815301076,1909f56bfc062723c751e8b465ee728b)  -> (artifact id: 'd6698786f7c0c99ded5d9a4df20b287f') in 0.001850 seconds 
========================================================================
Received Import Request.
  Time since last request: 7.582823 seconds.
  path: Assets/Folders/Scripts/SpriteUpdater.cs
  artifactKey: Guid(699edb6f52ef7f645aafd6c3a6e9397b) Importer(815301076,1909f56bfc062723c751e8b465ee728b)
Start importing Assets/Folders/Scripts/SpriteUpdater.cs using Guid(699edb6f52ef7f645aafd6c3a6e9397b) Importer(815301076,1909f56bfc062723c751e8b465ee728b)  -> (artifact id: '993e0c3b7c3150b4631ef4628d44d734') in 0.001932 seconds 
========================================================================
Received Import Request.
  Time since last request: 0.311319 seconds.
  path: Assets/Folders/Scripts/SpriteUpdater.cs
  artifactKey: Guid(699edb6f52ef7f645aafd6c3a6e9397b) Importer(815301076,1909f56bfc062723c751e8b465ee728b)
Start importing Assets/Folders/Scripts/SpriteUpdater.cs using Guid(699edb6f52ef7f645aafd6c3a6e9397b) Importer(815301076,1909f56bfc062723c751e8b465ee728b)  -> (artifact id: '78ce7028f00acc30b2efbdf8bd1f12b0') in 0.002448 seconds 
========================================================================
Received Import Request.
  Time since last request: 23.528921 seconds.
  path: Assets/Folders/Scripts/SpriteUpdater.cs
  artifactKey: Guid(699edb6f52ef7f645aafd6c3a6e9397b) Importer(815301076,1909f56bfc062723c751e8b465ee728b)
Start importing Assets/Folders/Scripts/SpriteUpdater.cs using Guid(699edb6f52ef7f645aafd6c3a6e9397b) Importer(815301076,1909f56bfc062723c751e8b465ee728b)  -> (artifact id: '180e41e6d3b4b0d9ace3e23377ac0362') in 0.002920 seconds 
========================================================================
Received Import Request.
  Time since last request: 1.903595 seconds.
  path: Assets/Folders/Scripts/SpriteUpdater.cs
  artifactKey: Guid(699edb6f52ef7f645aafd6c3a6e9397b) Importer(815301076,1909f56bfc062723c751e8b465ee728b)
Start importing Assets/Folders/Scripts/SpriteUpdater.cs using Guid(699edb6f52ef7f645aafd6c3a6e9397b) Importer(815301076,1909f56bfc062723c751e8b465ee728b)  -> (artifact id: '3e069cce5736505091142936bec85dcb') in 0.001853 seconds 
========================================================================
Received Import Request.
  Time since last request: 7.588682 seconds.
  path: Assets/Folders/Scripts/SpriteUpdater.cs
  artifactKey: Guid(699edb6f52ef7f645aafd6c3a6e9397b) Importer(815301076,1909f56bfc062723c751e8b465ee728b)
Start importing Assets/Folders/Scripts/SpriteUpdater.cs using Guid(699edb6f52ef7f645aafd6c3a6e9397b) Importer(815301076,1909f56bfc062723c751e8b465ee728b)  -> (artifact id: '3975d3583a51b4c7385639e6d92fde1c') in 0.002082 seconds 
========================================================================
Received Import Request.
  Time since last request: 6.314831 seconds.
  path: Assets/Folders/Scripts/SpriteUpdater.cs
  artifactKey: Guid(699edb6f52ef7f645aafd6c3a6e9397b) Importer(815301076,1909f56bfc062723c751e8b465ee728b)
Start importing Assets/Folders/Scripts/SpriteUpdater.cs using Guid(699edb6f52ef7f645aafd6c3a6e9397b) Importer(815301076,1909f56bfc062723c751e8b465ee728b)  -> (artifact id: '30edaefb5ca7ecce0e5fde6ec490febe') in 0.002802 seconds 
========================================================================
Received Prepare
Registering precompiled user dll's ...
Registered in 0.005255 seconds.
Begin MonoManager ReloadAssembly
Native extension for LinuxStandalone target not found
Native extension for WindowsStandalone target not found
Native extension for OSXStandalone target not found
Native extension for WebGL target not found
Refreshing native plugins compatible for Editor in 0.85 ms, found 3 plugins.
Preloading 0 native plugins for Editor in 0.00 ms.
Mono: successfully reloaded assembly
- Completed reload, in  0.982 seconds
Domain Reload Profiling:
	ReloadAssembly (983ms)
		BeginReloadAssembly (98ms)
			ExecutionOrderSort (0ms)
			DisableScriptedObjects (4ms)
			BackupInstance (0ms)
			ReleaseScriptingObjects (0ms)
			CreateAndSetChildDomain (34ms)
		EndReloadAssembly (834ms)
			LoadAssemblies (76ms)
			RebuildTransferFunctionScriptingTraits (0ms)
			SetupTypeCache (329ms)
			ReleaseScriptCaches (1ms)
			RebuildScriptCaches (40ms)
			SetupLoadedEditorAssemblies (288ms)
				LogAssemblyErrors (0ms)
				InitializePlatformSupportModulesInManaged (7ms)
				SetLoadedEditorAssemblies (0ms)
				RefreshPlugins (1ms)
				BeforeProcessingInitializeOnLoad (58ms)
				ProcessInitializeOnLoadAttributes (213ms)
				ProcessInitializeOnLoadMethodAttributes (3ms)
				AfterProcessingInitializeOnLoad (5ms)
				EditorAssembliesLoaded (0ms)
			ExecutionOrderSort2 (0ms)
			AwakeInstancesAfterBackupRestoration (8ms)
Platform modules already initialized, skipping
Shader 'Universal Render Pipeline/Particles/Lit': fallback shader 'Universal Render Pipeline/Particles/SimpleLit' not found
Refreshing native plugins compatible for Editor in 0.78 ms, found 3 plugins.
Preloading 0 native plugins for Editor in 0.00 ms.
Unloading 4596 Unused Serialized files (Serialized files now loaded: 0)
System memory in use before: 171.0 MB.
System memory in use after: 171.3 MB.

Unloading 21 unused Assets to reduce memory usage. Loaded Objects now: 5108.
Total: 3.227100 ms (FindLiveObjects: 0.378300 ms CreateObjectMapping: 0.354400 ms MarkObjects: 2.434000 ms  DeleteObjects: 0.059200 ms)

AssetImportParameters requested are different than current active one (requested -> active):
  custom:framework-win-MediaFoundation: 216162199b28c13a410421893ffa2e32 -> 
  custom:video-decoder-ogg-theora: a1e56fd34408186e4bbccfd4996cb3dc -> 
  custom:container-muxer-webm: aa71ff27fc2769a1b78a27578f13a17b -> 
  custom:container-demuxer-webm: 4f35f7cbe854078d1ac9338744f61a02 -> 
  custom:container-demuxer-ogg: 62fdf1f143b41e24485cea50d1cbac27 -> 
  custom:video-encoder-webm-vp8: eb34c28f22e8b96e1ab97ce403110664 -> 
  custom:video-codec-MediaFoundation-h265: 746d11721c4dcdbdad8f713fa42b33f4 -> 
  custom:video-decoder-webm-vp8: 9c59270c3fd7afecdb556c50c9e8de78 -> 
  custom:audio-decoder-ogg-vorbis: bf7c407c2cedff20999df2af8eb42d56 -> 
  custom:audio-encoder-webm-vorbis: bf7c407c2cedff20999df2af8eb42d56 -> 
========================================================================
Received Prepare
Registering precompiled user dll's ...
Registered in 0.005056 seconds.
Begin MonoManager ReloadAssembly
Native extension for LinuxStandalone target not found
Native extension for WindowsStandalone target not found
Native extension for OSXStandalone target not found
Native extension for WebGL target not found
Refreshing native plugins compatible for Editor in 0.74 ms, found 3 plugins.
Preloading 0 native plugins for Editor in 0.00 ms.
Mono: successfully reloaded assembly
- Completed reload, in  0.971 seconds
Domain Reload Profiling:
	ReloadAssembly (971ms)
		BeginReloadAssembly (93ms)
			ExecutionOrderSort (0ms)
			DisableScriptedObjects (4ms)
			BackupInstance (0ms)
			ReleaseScriptingObjects (0ms)
			CreateAndSetChildDomain (33ms)
		EndReloadAssembly (824ms)
			LoadAssemblies (76ms)
			RebuildTransferFunctionScriptingTraits (0ms)
			SetupTypeCache (326ms)
			ReleaseScriptCaches (1ms)
			RebuildScriptCaches (39ms)
			SetupLoadedEditorAssemblies (284ms)
				LogAssemblyErrors (0ms)
				InitializePlatformSupportModulesInManaged (7ms)
				SetLoadedEditorAssemblies (0ms)
				RefreshPlugins (1ms)
				BeforeProcessingInitializeOnLoad (56ms)
				ProcessInitializeOnLoadAttributes (211ms)
				ProcessInitializeOnLoadMethodAttributes (3ms)
				AfterProcessingInitializeOnLoad (5ms)
				EditorAssembliesLoaded (0ms)
			ExecutionOrderSort2 (0ms)
			AwakeInstancesAfterBackupRestoration (8ms)
Platform modules already initialized, skipping
Shader 'Universal Render Pipeline/Particles/Lit': fallback shader 'Universal Render Pipeline/Particles/SimpleLit' not found
Refreshing native plugins compatible for Editor in 0.78 ms, found 3 plugins.
Preloading 0 native plugins for Editor in 0.00 ms.
Unloading 4596 Unused Serialized files (Serialized files now loaded: 0)
System memory in use before: 171.1 MB.
System memory in use after: 171.4 MB.

Unloading 21 unused Assets to reduce memory usage. Loaded Objects now: 5110.
Total: 2.573300 ms (FindLiveObjects: 0.305500 ms CreateObjectMapping: 0.227300 ms MarkObjects: 1.988600 ms  DeleteObjects: 0.051100 ms)

AssetImportParameters requested are different than current active one (requested -> active):
  custom:framework-win-MediaFoundation: 216162199b28c13a410421893ffa2e32 -> 
  custom:video-decoder-ogg-theora: a1e56fd34408186e4bbccfd4996cb3dc -> 
  custom:container-muxer-webm: aa71ff27fc2769a1b78a27578f13a17b -> 
  custom:container-demuxer-webm: 4f35f7cbe854078d1ac9338744f61a02 -> 
  custom:container-demuxer-ogg: 62fdf1f143b41e24485cea50d1cbac27 -> 
  custom:video-encoder-webm-vp8: eb34c28f22e8b96e1ab97ce403110664 -> 
  custom:video-codec-MediaFoundation-h265: 746d11721c4dcdbdad8f713fa42b33f4 -> 
  custom:video-decoder-webm-vp8: 9c59270c3fd7afecdb556c50c9e8de78 -> 
  custom:audio-decoder-ogg-vorbis: bf7c407c2cedff20999df2af8eb42d56 -> 
  custom:audio-encoder-webm-vorbis: bf7c407c2cedff20999df2af8eb42d56 -> 
========================================================================
Received Import Request.
  Time since last request: 108.909112 seconds.
  path: Assets/Folders/Scripts/SpriteUpdater.cs
  artifactKey: Guid(699edb6f52ef7f645aafd6c3a6e9397b) Importer(815301076,1909f56bfc062723c751e8b465ee728b)
Start importing Assets/Folders/Scripts/SpriteUpdater.cs using Guid(699edb6f52ef7f645aafd6c3a6e9397b) Importer(815301076,1909f56bfc062723c751e8b465ee728b)  -> (artifact id: 'cbc38b7db8c108fa79d08ce98f14c5e0') in 0.005770 seconds 
========================================================================
Received Prepare
Registering precompiled user dll's ...
Registered in 0.005038 seconds.
Begin MonoManager ReloadAssembly
Native extension for LinuxStandalone target not found
Native extension for WindowsStandalone target not found
Native extension for OSXStandalone target not found
Native extension for WebGL target not found
Refreshing native plugins compatible for Editor in 0.81 ms, found 3 plugins.
Preloading 0 native plugins for Editor in 0.00 ms.
Mono: successfully reloaded assembly
- Completed reload, in  0.980 seconds
Domain Reload Profiling:
	ReloadAssembly (980ms)
		BeginReloadAssembly (92ms)
			ExecutionOrderSort (0ms)
			DisableScriptedObjects (4ms)
			BackupInstance (0ms)
			ReleaseScriptingObjects (0ms)
			CreateAndSetChildDomain (32ms)
		EndReloadAssembly (838ms)
			LoadAssemblies (77ms)
			RebuildTransferFunctionScriptingTraits (0ms)
			SetupTypeCache (332ms)
			ReleaseScriptCaches (1ms)
			RebuildScriptCaches (40ms)
			SetupLoadedEditorAssemblies (287ms)
				LogAssemblyErrors (0ms)
				InitializePlatformSupportModulesInManaged (7ms)
				SetLoadedEditorAssemblies (0ms)
				RefreshPlugins (1ms)
				BeforeProcessingInitializeOnLoad (57ms)
				ProcessInitializeOnLoadAttributes (214ms)
				ProcessInitializeOnLoadMethodAttributes (3ms)
				AfterProcessingInitializeOnLoad (5ms)
				EditorAssembliesLoaded (0ms)
			ExecutionOrderSort2 (0ms)
			AwakeInstancesAfterBackupRestoration (8ms)
Platform modules already initialized, skipping
Shader 'Universal Render Pipeline/Particles/Lit': fallback shader 'Universal Render Pipeline/Particles/SimpleLit' not found
Refreshing native plugins compatible for Editor in 1.00 ms, found 3 plugins.
Preloading 0 native plugins for Editor in 0.00 ms.
Unloading 4596 Unused Serialized files (Serialized files now loaded: 0)
System memory in use before: 171.2 MB.
System memory in use after: 171.4 MB.

Unloading 21 unused Assets to reduce memory usage. Loaded Objects now: 5112.
Total: 3.567400 ms (FindLiveObjects: 0.589900 ms CreateObjectMapping: 0.381600 ms MarkObjects: 2.533400 ms  DeleteObjects: 0.061500 ms)

AssetImportParameters requested are different than current active one (requested -> active):
  custom:framework-win-MediaFoundation: 216162199b28c13a410421893ffa2e32 -> 
  custom:video-decoder-ogg-theora: a1e56fd34408186e4bbccfd4996cb3dc -> 
  custom:container-muxer-webm: aa71ff27fc2769a1b78a27578f13a17b -> 
  custom:container-demuxer-webm: 4f35f7cbe854078d1ac9338744f61a02 -> 
  custom:container-demuxer-ogg: 62fdf1f143b41e24485cea50d1cbac27 -> 
  custom:video-encoder-webm-vp8: eb34c28f22e8b96e1ab97ce403110664 -> 
  custom:video-codec-MediaFoundation-h265: 746d11721c4dcdbdad8f713fa42b33f4 -> 
  custom:video-decoder-webm-vp8: 9c59270c3fd7afecdb556c50c9e8de78 -> 
  custom:audio-decoder-ogg-vorbis: bf7c407c2cedff20999df2af8eb42d56 -> 
  custom:audio-encoder-webm-vorbis: bf7c407c2cedff20999df2af8eb42d56 -> 
========================================================================
Received Import Request.
  Time since last request: 4.657032 seconds.
  path: Assets/Folders/Scripts/SpriteUpdater.cs
  artifactKey: Guid(699edb6f52ef7f645aafd6c3a6e9397b) Importer(815301076,1909f56bfc062723c751e8b465ee728b)
Start importing Assets/Folders/Scripts/SpriteUpdater.cs using Guid(699edb6f52ef7f645aafd6c3a6e9397b) Importer(815301076,1909f56bfc062723c751e8b465ee728b)  -> (artifact id: '01a695d4b6efc73271097dec7c3dfd14') in 0.006161 seconds 
========================================================================
Received Prepare
Registering precompiled user dll's ...
Registered in 0.005833 seconds.
Begin MonoManager ReloadAssembly
Native extension for LinuxStandalone target not found
Native extension for WindowsStandalone target not found
Native extension for OSXStandalone target not found
Native extension for WebGL target not found
Refreshing native plugins compatible for Editor in 0.84 ms, found 3 plugins.
Preloading 0 native plugins for Editor in 0.00 ms.
Mono: successfully reloaded assembly
- Completed reload, in  0.979 seconds
Domain Reload Profiling:
	ReloadAssembly (979ms)
		BeginReloadAssembly (92ms)
			ExecutionOrderSort (0ms)
			DisableScriptedObjects (4ms)
			BackupInstance (0ms)
			ReleaseScriptingObjects (0ms)
			CreateAndSetChildDomain (32ms)
		EndReloadAssembly (836ms)
			LoadAssemblies (77ms)
			RebuildTransferFunctionScriptingTraits (0ms)
			SetupTypeCache (330ms)
			ReleaseScriptCaches (1ms)
			RebuildScriptCaches (41ms)
			SetupLoadedEditorAssemblies (287ms)
				LogAssemblyErrors (0ms)
				InitializePlatformSupportModulesInManaged (7ms)
				SetLoadedEditorAssemblies (0ms)
				RefreshPlugins (1ms)
				BeforeProcessingInitializeOnLoad (57ms)
				ProcessInitializeOnLoadAttributes (213ms)
				ProcessInitializeOnLoadMethodAttributes (3ms)
				AfterProcessingInitializeOnLoad (6ms)
				EditorAssembliesLoaded (0ms)
			ExecutionOrderSort2 (0ms)
			AwakeInstancesAfterBackupRestoration (8ms)
Platform modules already initialized, skipping
Shader 'Universal Render Pipeline/Particles/Lit': fallback shader 'Universal Render Pipeline/Particles/SimpleLit' not found
Refreshing native plugins compatible for Editor in 0.82 ms, found 3 plugins.
Preloading 0 native plugins for Editor in 0.00 ms.
Unloading 4596 Unused Serialized files (Serialized files now loaded: 0)
System memory in use before: 171.2 MB.
System memory in use after: 171.4 MB.

Unloading 21 unused Assets to reduce memory usage. Loaded Objects now: 5114.
Total: 2.908200 ms (FindLiveObjects: 0.359400 ms CreateObjectMapping: 0.287400 ms MarkObjects: 2.205900 ms  DeleteObjects: 0.054600 ms)

AssetImportParameters requested are different than current active one (requested -> active):
  custom:framework-win-MediaFoundation: 216162199b28c13a410421893ffa2e32 -> 
  custom:video-decoder-ogg-theora: a1e56fd34408186e4bbccfd4996cb3dc -> 
  custom:container-muxer-webm: aa71ff27fc2769a1b78a27578f13a17b -> 
  custom:container-demuxer-webm: 4f35f7cbe854078d1ac9338744f61a02 -> 
  custom:container-demuxer-ogg: 62fdf1f143b41e24485cea50d1cbac27 -> 
  custom:video-encoder-webm-vp8: eb34c28f22e8b96e1ab97ce403110664 -> 
  custom:video-codec-MediaFoundation-h265: 746d11721c4dcdbdad8f713fa42b33f4 -> 
  custom:video-decoder-webm-vp8: 9c59270c3fd7afecdb556c50c9e8de78 -> 
  custom:audio-decoder-ogg-vorbis: bf7c407c2cedff20999df2af8eb42d56 -> 
  custom:audio-encoder-webm-vorbis: bf7c407c2cedff20999df2af8eb42d56 -> 
========================================================================
Received Import Request.
  Time since last request: 5.147596 seconds.
  path: Assets/Folders/Prefab/QTE.prefab
  artifactKey: Guid(3d8a09f7ca87a7349ac0039c9aa0f364) Importer(815301076,1909f56bfc062723c751e8b465ee728b)
Start importing Assets/Folders/Prefab/QTE.prefab using Guid(3d8a09f7ca87a7349ac0039c9aa0f364) Importer(815301076,1909f56bfc062723c751e8b465ee728b)  -> (artifact id: '920c6023784d442d0c01290337012eb0') in 0.032994 seconds 
========================================================================
Received Import Request.
  Time since last request: 3.707638 seconds.
  path: Assets/Folders/Sprites/1.png
  artifactKey: Guid(6419b7508d00a194289a730120163867) Importer(815301076,1909f56bfc062723c751e8b465ee728b)
Start importing Assets/Folders/Sprites/1.png using Guid(6419b7508d00a194289a730120163867) Importer(815301076,1909f56bfc062723c751e8b465ee728b)  -> (artifact id: 'b620bf2a7101958ba4cd259f4f50bf2b') in 0.094304 seconds 
========================================================================
Received Import Request.
  Time since last request: 9.319410 seconds.
  path: Assets/Folders/Scripts/Game.cs
  artifactKey: Guid(77cf87d145004c844b2b811e062e016f) Importer(815301076,1909f56bfc062723c751e8b465ee728b)
Start importing Assets/Folders/Scripts/Game.cs using Guid(77cf87d145004c844b2b811e062e016f) Importer(815301076,1909f56bfc062723c751e8b465ee728b)  -> (artifact id: 'f6a70749a0eaf62fa900303e6b1ef09c') in 0.004885 seconds 
========================================================================
Received Import Request.
  Time since last request: 0.401511 seconds.
  path: Assets/Folders/Scripts/InputManager.cs
  artifactKey: Guid(1f6f8c54547d8264e8951ef5d583a260) Importer(815301076,1909f56bfc062723c751e8b465ee728b)
Start importing Assets/Folders/Scripts/InputManager.cs using Guid(1f6f8c54547d8264e8951ef5d583a260) Importer(815301076,1909f56bfc062723c751e8b465ee728b)  -> (artifact id: 'ad7cd08b99fbaf96118cff2470e5a972') in 0.004883 seconds 
========================================================================
Received Import Request.
  Time since last request: 38.372472 seconds.
  path: Assets/Folders/Scripts/QTE.cs
  artifactKey: Guid(b329df490b09bcf44ab91aef415791a7) Importer(815301076,1909f56bfc062723c751e8b465ee728b)
Start importing Assets/Folders/Scripts/QTE.cs using Guid(b329df490b09bcf44ab91aef415791a7) Importer(815301076,1909f56bfc062723c751e8b465ee728b)  -> (artifact id: '45c90800003bda32cfb7a16d52028707') in 0.002097 seconds 
========================================================================
Received Prepare
Registering precompiled user dll's ...
Registered in 0.005099 seconds.
Begin MonoManager ReloadAssembly
Native extension for LinuxStandalone target not found
Native extension for WindowsStandalone target not found
Native extension for OSXStandalone target not found
Native extension for WebGL target not found
Refreshing native plugins compatible for Editor in 0.76 ms, found 3 plugins.
Preloading 0 native plugins for Editor in 0.00 ms.
Mono: successfully reloaded assembly
- Completed reload, in  0.970 seconds
Domain Reload Profiling:
	ReloadAssembly (971ms)
		BeginReloadAssembly (92ms)
			ExecutionOrderSort (0ms)
			DisableScriptedObjects (4ms)
			BackupInstance (0ms)
			ReleaseScriptingObjects (0ms)
			CreateAndSetChildDomain (32ms)
		EndReloadAssembly (828ms)
			LoadAssemblies (75ms)
			RebuildTransferFunctionScriptingTraits (0ms)
			SetupTypeCache (322ms)
			ReleaseScriptCaches (1ms)
			RebuildScriptCaches (40ms)
			SetupLoadedEditorAssemblies (281ms)
				LogAssemblyErrors (0ms)
				InitializePlatformSupportModulesInManaged (6ms)
				SetLoadedEditorAssemblies (0ms)
				RefreshPlugins (1ms)
				BeforeProcessingInitializeOnLoad (56ms)
				ProcessInitializeOnLoadAttributes (209ms)
				ProcessInitializeOnLoadMethodAttributes (3ms)
				AfterProcessingInitializeOnLoad (5ms)
				EditorAssembliesLoaded (0ms)
			ExecutionOrderSort2 (0ms)
			AwakeInstancesAfterBackupRestoration (11ms)
Platform modules already initialized, skipping
Shader 'Universal Render Pipeline/Particles/Lit': fallback shader 'Universal Render Pipeline/Particles/SimpleLit' not found
Refreshing native plugins compatible for Editor in 0.75 ms, found 3 plugins.
Preloading 0 native plugins for Editor in 0.00 ms.
Unloading 4597 Unused Serialized files (Serialized files now loaded: 0)
System memory in use before: 176.6 MB.
System memory in use after: 176.9 MB.

Unloading 21 unused Assets to reduce memory usage. Loaded Objects now: 5137.
Total: 2.540500 ms (FindLiveObjects: 0.301600 ms CreateObjectMapping: 0.209900 ms MarkObjects: 1.978400 ms  DeleteObjects: 0.050000 ms)

AssetImportParameters requested are different than current active one (requested -> active):
  custom:framework-win-MediaFoundation: 216162199b28c13a410421893ffa2e32 -> 
  custom:video-decoder-ogg-theora: a1e56fd34408186e4bbccfd4996cb3dc -> 
  custom:container-muxer-webm: aa71ff27fc2769a1b78a27578f13a17b -> 
  custom:container-demuxer-webm: 4f35f7cbe854078d1ac9338744f61a02 -> 
  custom:container-demuxer-ogg: 62fdf1f143b41e24485cea50d1cbac27 -> 
  custom:video-encoder-webm-vp8: eb34c28f22e8b96e1ab97ce403110664 -> 
  custom:video-codec-MediaFoundation-h265: 746d11721c4dcdbdad8f713fa42b33f4 -> 
  custom:video-decoder-webm-vp8: 9c59270c3fd7afecdb556c50c9e8de78 -> 
  custom:audio-decoder-ogg-vorbis: bf7c407c2cedff20999df2af8eb42d56 -> 
  custom:audio-encoder-webm-vorbis: bf7c407c2cedff20999df2af8eb42d56 -> 
========================================================================
Received Import Request.
  Time since last request: 5.078131 seconds.
  path: Assets/Folders/Scripts/SpriteUpdater.cs
  artifactKey: Guid(699edb6f52ef7f645aafd6c3a6e9397b) Importer(815301076,1909f56bfc062723c751e8b465ee728b)
Start importing Assets/Folders/Scripts/SpriteUpdater.cs using Guid(699edb6f52ef7f645aafd6c3a6e9397b) Importer(815301076,1909f56bfc062723c751e8b465ee728b)  -> (artifact id: '86abcd4db66d8242450892020cf7d4f3') in 0.006287 seconds 
========================================================================
Received Prepare
Registering precompiled user dll's ...
Registered in 0.005114 seconds.
Begin MonoManager ReloadAssembly
Native extension for LinuxStandalone target not found
Native extension for WindowsStandalone target not found
Native extension for OSXStandalone target not found
Native extension for WebGL target not found
Refreshing native plugins compatible for Editor in 0.82 ms, found 3 plugins.
Preloading 0 native plugins for Editor in 0.00 ms.
Mono: successfully reloaded assembly
- Completed reload, in  0.982 seconds
Domain Reload Profiling:
	ReloadAssembly (982ms)
		BeginReloadAssembly (93ms)
			ExecutionOrderSort (0ms)
			DisableScriptedObjects (5ms)
			BackupInstance (0ms)
			ReleaseScriptingObjects (0ms)
			CreateAndSetChildDomain (31ms)
		EndReloadAssembly (835ms)
			LoadAssemblies (78ms)
			RebuildTransferFunctionScriptingTraits (0ms)
			SetupTypeCache (327ms)
			ReleaseScriptCaches (1ms)
			RebuildScriptCaches (40ms)
			SetupLoadedEditorAssemblies (287ms)
				LogAssemblyErrors (0ms)
				InitializePlatformSupportModulesInManaged (7ms)
				SetLoadedEditorAssemblies (0ms)
				RefreshPlugins (1ms)
				BeforeProcessingInitializeOnLoad (57ms)
				ProcessInitializeOnLoadAttributes (213ms)
				ProcessInitializeOnLoadMethodAttributes (3ms)
				AfterProcessingInitializeOnLoad (5ms)
				EditorAssembliesLoaded (0ms)
			ExecutionOrderSort2 (0ms)
			AwakeInstancesAfterBackupRestoration (10ms)
Platform modules already initialized, skipping
Shader 'Universal Render Pipeline/Particles/Lit': fallback shader 'Universal Render Pipeline/Particles/SimpleLit' not found
Refreshing native plugins compatible for Editor in 0.95 ms, found 3 plugins.
Preloading 0 native plugins for Editor in 0.00 ms.
Unloading 4596 Unused Serialized files (Serialized files now loaded: 0)
System memory in use before: 176.8 MB.
System memory in use after: 177.0 MB.

Unloading 21 unused Assets to reduce memory usage. Loaded Objects now: 5139.
Total: 3.436900 ms (FindLiveObjects: 0.377100 ms CreateObjectMapping: 0.284900 ms MarkObjects: 2.711700 ms  DeleteObjects: 0.062200 ms)

AssetImportParameters requested are different than current active one (requested -> active):
  custom:framework-win-MediaFoundation: 216162199b28c13a410421893ffa2e32 -> 
  custom:video-decoder-ogg-theora: a1e56fd34408186e4bbccfd4996cb3dc -> 
  custom:container-muxer-webm: aa71ff27fc2769a1b78a27578f13a17b -> 
  custom:container-demuxer-webm: 4f35f7cbe854078d1ac9338744f61a02 -> 
  custom:container-demuxer-ogg: 62fdf1f143b41e24485cea50d1cbac27 -> 
  custom:video-encoder-webm-vp8: eb34c28f22e8b96e1ab97ce403110664 -> 
  custom:video-codec-MediaFoundation-h265: 746d11721c4dcdbdad8f713fa42b33f4 -> 
  custom:video-decoder-webm-vp8: 9c59270c3fd7afecdb556c50c9e8de78 -> 
  custom:audio-decoder-ogg-vorbis: bf7c407c2cedff20999df2af8eb42d56 -> 
  custom:audio-encoder-webm-vorbis: bf7c407c2cedff20999df2af8eb42d56 -> 
========================================================================
Received Prepare
Registering precompiled user dll's ...
Registered in 0.005081 seconds.
Begin MonoManager ReloadAssembly
Native extension for LinuxStandalone target not found
Native extension for WindowsStandalone target not found
Native extension for OSXStandalone target not found
Native extension for WebGL target not found
Refreshing native plugins compatible for Editor in 0.75 ms, found 3 plugins.
Preloading 0 native plugins for Editor in 0.00 ms.
Mono: successfully reloaded assembly
- Completed reload, in  1.012 seconds
Domain Reload Profiling:
	ReloadAssembly (1012ms)
		BeginReloadAssembly (96ms)
			ExecutionOrderSort (0ms)
			DisableScriptedObjects (5ms)
			BackupInstance (0ms)
			ReleaseScriptingObjects (0ms)
			CreateAndSetChildDomain (31ms)
		EndReloadAssembly (864ms)
			LoadAssemblies (80ms)
			RebuildTransferFunctionScriptingTraits (0ms)
			SetupTypeCache (325ms)
			ReleaseScriptCaches (1ms)
			RebuildScriptCaches (51ms)
			SetupLoadedEditorAssemblies (294ms)
				LogAssemblyErrors (0ms)
				InitializePlatformSupportModulesInManaged (7ms)
				SetLoadedEditorAssemblies (0ms)
				RefreshPlugins (1ms)
				BeforeProcessingInitializeOnLoad (56ms)
				ProcessInitializeOnLoadAttributes (220ms)
				ProcessInitializeOnLoadMethodAttributes (4ms)
				AfterProcessingInitializeOnLoad (6ms)
				EditorAssembliesLoaded (0ms)
			ExecutionOrderSort2 (0ms)
			AwakeInstancesAfterBackupRestoration (12ms)
Platform modules already initialized, skipping
Shader 'Universal Render Pipeline/Particles/Lit': fallback shader 'Universal Render Pipeline/Particles/SimpleLit' not found
Refreshing native plugins compatible for Editor in 0.86 ms, found 3 plugins.
Preloading 0 native plugins for Editor in 0.00 ms.
Unloading 4596 Unused Serialized files (Serialized files now loaded: 0)
System memory in use before: 176.8 MB.
System memory in use after: 177.0 MB.

Unloading 21 unused Assets to reduce memory usage. Loaded Objects now: 5141.
Total: 2.797500 ms (FindLiveObjects: 0.313600 ms CreateObjectMapping: 0.224200 ms MarkObjects: 2.203900 ms  DeleteObjects: 0.054800 ms)

AssetImportParameters requested are different than current active one (requested -> active):
  custom:framework-win-MediaFoundation: 216162199b28c13a410421893ffa2e32 -> 
  custom:video-decoder-ogg-theora: a1e56fd34408186e4bbccfd4996cb3dc -> 
  custom:container-muxer-webm: aa71ff27fc2769a1b78a27578f13a17b -> 
  custom:container-demuxer-webm: 4f35f7cbe854078d1ac9338744f61a02 -> 
  custom:container-demuxer-ogg: 62fdf1f143b41e24485cea50d1cbac27 -> 
  custom:video-encoder-webm-vp8: eb34c28f22e8b96e1ab97ce403110664 -> 
  custom:video-codec-MediaFoundation-h265: 746d11721c4dcdbdad8f713fa42b33f4 -> 
  custom:video-decoder-webm-vp8: 9c59270c3fd7afecdb556c50c9e8de78 -> 
  custom:audio-decoder-ogg-vorbis: bf7c407c2cedff20999df2af8eb42d56 -> 
  custom:audio-encoder-webm-vorbis: bf7c407c2cedff20999df2af8eb42d56 -> 
========================================================================
Received Prepare
Registering precompiled user dll's ...
Registered in 0.005483 seconds.
Begin MonoManager ReloadAssembly
Native extension for LinuxStandalone target not found
Native extension for WindowsStandalone target not found
Native extension for OSXStandalone target not found
Native extension for WebGL target not found
Refreshing native plugins compatible for Editor in 0.74 ms, found 3 plugins.
Preloading 0 native plugins for Editor in 0.00 ms.
Mono: successfully reloaded assembly
- Completed reload, in  0.958 seconds
Domain Reload Profiling:
	ReloadAssembly (958ms)
		BeginReloadAssembly (93ms)
			ExecutionOrderSort (0ms)
			DisableScriptedObjects (5ms)
			BackupInstance (0ms)
			ReleaseScriptingObjects (0ms)
			CreateAndSetChildDomain (32ms)
		EndReloadAssembly (815ms)
			LoadAssemblies (76ms)
			RebuildTransferFunctionScriptingTraits (0ms)
			SetupTypeCache (318ms)
			ReleaseScriptCaches (1ms)
			RebuildScriptCaches (39ms)
			SetupLoadedEditorAssemblies (280ms)
				LogAssemblyErrors (0ms)
				InitializePlatformSupportModulesInManaged (7ms)
				SetLoadedEditorAssemblies (0ms)
				RefreshPlugins (1ms)
				BeforeProcessingInitializeOnLoad (56ms)
				ProcessInitializeOnLoadAttributes (208ms)
				ProcessInitializeOnLoadMethodAttributes (3ms)
				AfterProcessingInitializeOnLoad (5ms)
				EditorAssembliesLoaded (0ms)
			ExecutionOrderSort2 (0ms)
			AwakeInstancesAfterBackupRestoration (11ms)
Platform modules already initialized, skipping
Shader 'Universal Render Pipeline/Particles/Lit': fallback shader 'Universal Render Pipeline/Particles/SimpleLit' not found
Refreshing native plugins compatible for Editor in 0.76 ms, found 3 plugins.
Preloading 0 native plugins for Editor in 0.00 ms.
Unloading 4596 Unused Serialized files (Serialized files now loaded: 0)
System memory in use before: 176.8 MB.
System memory in use after: 177.1 MB.

Unloading 21 unused Assets to reduce memory usage. Loaded Objects now: 5143.
Total: 2.664400 ms (FindLiveObjects: 0.304900 ms CreateObjectMapping: 0.198400 ms MarkObjects: 2.101300 ms  DeleteObjects: 0.058800 ms)

AssetImportParameters requested are different than current active one (requested -> active):
  custom:framework-win-MediaFoundation: 216162199b28c13a410421893ffa2e32 -> 
  custom:video-decoder-ogg-theora: a1e56fd34408186e4bbccfd4996cb3dc -> 
  custom:container-muxer-webm: aa71ff27fc2769a1b78a27578f13a17b -> 
  custom:container-demuxer-webm: 4f35f7cbe854078d1ac9338744f61a02 -> 
  custom:container-demuxer-ogg: 62fdf1f143b41e24485cea50d1cbac27 -> 
  custom:video-encoder-webm-vp8: eb34c28f22e8b96e1ab97ce403110664 -> 
  custom:video-codec-MediaFoundation-h265: 746d11721c4dcdbdad8f713fa42b33f4 -> 
  custom:video-decoder-webm-vp8: 9c59270c3fd7afecdb556c50c9e8de78 -> 
  custom:audio-decoder-ogg-vorbis: bf7c407c2cedff20999df2af8eb42d56 -> 
  custom:audio-encoder-webm-vorbis: bf7c407c2cedff20999df2af8eb42d56 -> 
